<?xml version="1.0" encoding="UTF-8"?>
<!-- Generated by org.testng.reporters.JUnitReportReporter -->
<testsuite hostname="Rohit" failures="0" tests="1" name="RohitAcademy.MiscelliniousOperation" time="17.074" errors="0" timestamp="2023-07-31T16:32:57 IST" skipped="0">
  <testcase classname="RohitAcademy.MiscelliniousOperation" name="landscapeTest" time="17.074"/>
  <system-out/>
</testsuite> <!-- RohitAcademy.MiscelliniousOperation -->
