<?xml version="1.0" encoding="UTF-8"?>
<!-- Generated by org.testng.reporters.JUnitReportReporter -->
<testsuite hostname="Rohit" failures="0" tests="1" name="RohitAcademy.DragAndDrop" time="7.893" errors="0" timestamp="2023-07-30T22:40:55 IST" skipped="0">
  <testcase classname="RohitAcademy.DragAndDrop" name="dragAndDropTest" time="7.893"/>
  <system-out/>
</testsuite> <!-- RohitAcademy.DragAndDrop -->
