<?xml version="1.0" encoding="UTF-8"?>
<!-- Generated by org.testng.reporters.JUnitReportReporter -->
<testsuite hostname="Rohit" failures="0" tests="1" name="RohitAcademy.LongPress" time="10.018" errors="0" timestamp="2023-07-04T22:36:33 IST" skipped="0">
  <testcase classname="RohitAcademy.LongPress" name="longPressTest" time="10.018"/>
  <system-out/>
</testsuite> <!-- RohitAcademy.LongPress -->
