<?xml version="1.0" encoding="UTF-8"?>
<!-- Generated by org.testng.reporters.JUnitReportReporter -->
<testsuite hostname="Rohit" failures="0" tests="1" name="RohitAcademy.ScrollTest" time="8.845" errors="0" timestamp="2023-07-06T22:53:15 IST" skipped="0">
  <testcase classname="RohitAcademy.ScrollTest" name="scrollTest" time="8.845"/>
  <system-out/>
</testsuite> <!-- RohitAcademy.ScrollTest -->
