<?xml version="1.0" encoding="UTF-8"?>
<!-- Generated by org.testng.reporters.JUnitReportReporter -->
<testsuite hostname="Rohit" failures="0" tests="1" name="RohitAcademy.LongPress" time="8.821" errors="0" timestamp="2023-05-26T17:52:41 IST" skipped="0">
  <testcase classname="RohitAcademy.LongPress" name="longPressTest" time="8.821"/>
  <system-out/>
</testsuite> <!-- RohitAcademy.LongPress -->
